<?xml version="1.0" encoding="UTF-8"?>
<testng-results skipped="0" failed="0" ignored="0" total="1" passed="1">
  <reporter-output>
  </reporter-output>
  <suite name="Suite" duration-ms="79727" started-at="2021-05-20T12:24:37 CDT" finished-at="2021-05-20T12:25:57 CDT">
    <groups>
      <group name="cucumber">
        <method signature="AbstractTestNGCucumberTests.runScenario(io.cucumber.testng.PickleWrapper,io.cucumber.testng.FeatureWrapper)[pri:0, instance:runner.RunCuke@64729b1e]" name="runScenario" class="io.cucumber.testng.AbstractTestNGCucumberTests"/>
      </group> <!-- cucumber -->
    </groups>
    <test name="CucumberPageObject Test" duration-ms="79727" started-at="2021-05-20T12:24:37 CDT" finished-at="2021-05-20T12:25:57 CDT">
      <class name="runner.RunCuke">
        <test-method status="PASS" signature="setUpClass()[pri:0, instance:runner.RunCuke@64729b1e]" name="setUpClass" is-config="true" duration-ms="2083" started-at="2021-05-20T12:24:37 CDT" finished-at="2021-05-20T12:24:40 CDT">
          <reporter-output>
          </reporter-output>
        </test-method> <!-- setUpClass -->
        <test-method status="PASS" signature="runScenario(io.cucumber.testng.PickleWrapper,io.cucumber.testng.FeatureWrapper)[pri:0, instance:runner.RunCuke@64729b1e]" name="runScenario" duration-ms="71352" started-at="2021-05-20T12:24:40 CDT" description="Runs Cucumber Scenarios" data-provider="scenarios" finished-at="2021-05-20T12:25:51 CDT">
          <params>
            <param index="0">
              <value>
                <![CDATA["Validate Used Search Cars Page"]]>
              </value>
            </param>
            <param index="1">
              <value>
                <![CDATA["Optional[Acceptance testing to validate Search Cars Page is working.]"]]>
              </value>
            </param>
          </params>
          <reporter-output>
          </reporter-output>
        </test-method> <!-- runScenario -->
        <test-method status="PASS" signature="tearDownClass()[pri:0, instance:runner.RunCuke@64729b1e]" name="tearDownClass" is-config="true" duration-ms="5794" started-at="2021-05-20T12:25:51 CDT" finished-at="2021-05-20T12:25:57 CDT">
          <reporter-output>
          </reporter-output>
        </test-method> <!-- tearDownClass -->
      </class> <!-- runner.RunCuke -->
    </test> <!-- CucumberPageObject Test -->
  </suite> <!-- Suite -->
</testng-results>
